This is pdfTeX, Version 3.1415926-1.40.10 (MiKTeX 2.8) (preloaded format=pdflatex 2009.9.28)  18 AUG 2010 12:38
entering extended mode
**C:/Users/ajdecon/Documents/My*Dropbox/Masters*Thesis/outline.tex
("C:/Users/ajdecon/Documents/My Dropbox/Masters Thesis/outline.tex"
LaTeX2e <2005/12/01>
Babel <v3.8l> and hyphenation patterns for english, dumylang, nohyphenation, ge
rman, ngerman, german-x-2009-06-19, ngerman-x-2009-06-19, french, loaded.
("C:\Users\ajdecon\Documents\My Dropbox\Masters Thesis\uiucthesis2009.cls"
Document Class: uiucthesis2009 2009/10/10\ v2.25a\ UIUC Thesis (PJC)
("C:\Program Files (x86)\MiKTeX 2.8\tex\latex\setspace\setspace.sty"
Package: setspace 2000/12/01 6.7 Contributed and Supported LaTeX2e package

Package: `setspace' 6.7 <2000/12/01>
) ("C:\Program Files (x86)\MiKTeX 2.8\tex\latex\base\book.cls"
Document Class: book 2005/09/16 v1.4f Standard LaTeX document class
("C:\Program Files (x86)\MiKTeX 2.8\tex\latex\base\bk10.clo"
File: bk10.clo 2005/09/16 v1.4f Standard LaTeX file (size option)
)
\c@part=\count79
\c@chapter=\count80
\c@section=\count81
\c@subsection=\count82
\c@subsubsection=\count83
\c@paragraph=\count84
\c@subparagraph=\count85
\c@figure=\count86
\c@table=\count87
\abovecaptionskip=\skip41
\belowcaptionskip=\skip42
\bibindent=\dimen102
)
\timehh=\count88
\timemm=\count89
\thesis@chapskip=\skip43
\chaptertitleheight=\skip44
)
("C:\Users\ajdecon\Documents\My Dropbox\Masters Thesis\outline.aux")
LaTeX Font Info:    Checking defaults for OML/cmm/m/it on input line 3.
LaTeX Font Info:    ... okay on input line 3.
LaTeX Font Info:    Checking defaults for T1/cmr/m/n on input line 3.
LaTeX Font Info:    ... okay on input line 3.
LaTeX Font Info:    Checking defaults for OT1/cmr/m/n on input line 3.
LaTeX Font Info:    ... okay on input line 3.
LaTeX Font Info:    Checking defaults for OMS/cmsy/m/n on input line 3.
LaTeX Font Info:    ... okay on input line 3.
LaTeX Font Info:    Checking defaults for OMX/cmex/m/n on input line 3.
LaTeX Font Info:    ... okay on input line 3.
LaTeX Font Info:    Checking defaults for U/cmr/m/n on input line 3.
LaTeX Font Info:    ... okay on input line 3.
\chapternumberheight=\dimen103
\thesis@dim=\dimen104
\ct@dim=\dimen105
\cn@dim=\dimen106

Underfull \vbox (badness 10000) detected at line 12
 []


Underfull \vbox (badness 10000) detected at line 12
 []

LaTeX Font Info:    External font `cmex10' loaded for size
(Font)              <12> on input line 12.
LaTeX Font Info:    External font `cmex10' loaded for size
(Font)              <8> on input line 12.
LaTeX Font Info:    External font `cmex10' loaded for size
(Font)              <6> on input line 12.
! Undefined control sequence.
\maketitle ...dim }\begin {tabular}{l}\@committee 
                                                  \end {tabular}\vfil \end {...
l.12 \maketitle
               
? 
[1

{C:/ProgramData/MiKTeX/2.8/pdftex/config/pdftex.map}] [3


] [4] [5

]
No file outline.toc.
\tf@toc=\write3
[6

]
No file outline.lof.
\tf@lof=\write4
[7

]
Chapter 1.
[1


] ("C:\Users\ajdecon\Documents\My Dropbox\Masters Thesis\outline.aux") ) 
Here is how much of TeX's memory you used:
 412 strings out of 495285
 5278 string characters out of 3179872
 50177 words of memory out of 3000000
 3674 multiletter control sequences out of 15000+200000
 8639 words of font info for 30 fonts, out of 3000000 for 9000
 14 hyphenation exceptions out of 8191
 29i,4n,21p,221b,198s stack positions out of 5000i,500n,10000p,200000b,50000s
<C:/Pro
gram Files (x86)/MiKTeX 2.8/fonts/type1/public/amsfonts/cm/cmbx12.pfb><C:/Progr
am Files (x86)/MiKTeX 2.8/fonts/type1/public/amsfonts/cm/cmr10.pfb><C:/Program 
Files (x86)/MiKTeX 2.8/fonts/type1/public/amsfonts/cm/cmr12.pfb><C:/Program Fil
es (x86)/MiKTeX 2.8/fonts/type1/public/amsfonts/cm/cmsl10.pfb><C:/Program Files
 (x86)/MiKTeX 2.8/fonts/type1/public/amsfonts/cm/cmsl12.pfb><C:/Program Files (
x86)/MiKTeX 2.8/fonts/type1/public/amsfonts/cm/cmti10.pfb>
Output written on outline.pdf (7 pages, 82444 bytes).
PDF statistics:
 50 PDF objects out of 1000 (max. 8388607)
 0 named destinations out of 1000 (max. 500000)
 1 words of extra memory for PDF output out of 10000 (max. 10000000)

