This is pdfTeX, Version 3.1415926-1.40.10 (MiKTeX 2.8) (preloaded format=pdflatex 2010.4.22)  7 SEP 2010 16:59
entering extended mode
**C:/Users/ajdecon/Documents/My*Dropbox/Masters*Thesis/thesis.tex
("C:/Users/ajdecon/Documents/My Dropbox/Masters Thesis/thesis.tex"
LaTeX2e <2009/09/24>
Babel <v3.8l> and hyphenation patterns for english, dumylang, nohyphenation, ge
rman, ngerman, german-x-2009-06-19, ngerman-x-2009-06-19, french, loaded.
("C:\Users\ajdecon\Documents\My Dropbox\Masters Thesis\uiucthesis2009.cls"
Document Class: uiucthesis2009 2009/10/10\ v2.25a\ UIUC Thesis (PJC)
("C:\Program Files\MiKTeX 2.8\tex\latex\setspace\setspace.sty"
Package: setspace 2000/12/01 6.7 Contributed and Supported LaTeX2e package

Package: `setspace' 6.7 <2000/12/01>
) ("C:\Program Files\MiKTeX 2.8\tex\latex\base\book.cls"
Document Class: book 2007/10/19 v1.4h Standard LaTeX document class
("C:\Program Files\MiKTeX 2.8\tex\latex\base\bk10.clo"
File: bk10.clo 2007/10/19 v1.4h Standard LaTeX file (size option)
)
\c@part=\count79
\c@chapter=\count80
\c@section=\count81
\c@subsection=\count82
\c@subsubsection=\count83
\c@paragraph=\count84
\c@subparagraph=\count85
\c@figure=\count86
\c@table=\count87
\abovecaptionskip=\skip41
\belowcaptionskip=\skip42
\bibindent=\dimen102
)
\timehh=\count88
\timemm=\count89
\thesis@chapskip=\skip43
\chaptertitleheight=\skip44
)
("C:\Program Files\MiKTeX 2.8\tex\latex\graphics\color.sty"
Package: color 2005/11/14 v1.0j Standard LaTeX Color (DPC)

("C:\Program Files\MiKTeX 2.8\tex\latex\00miktex\color.cfg"
File: color.cfg 2007/01/18 v1.5 color configuration of teTeX/TeXLive
)
Package color Info: Driver file: pdftex.def on input line 130.

("C:\Program Files\MiKTeX 2.8\tex\latex\pdftex-def\pdftex.def"
File: pdftex.def 2010/02/14 v0.04n Graphics/color for pdfTeX
\Gread@gobject=\count90
)
("C:\Program Files\MiKTeX 2.8\tex\latex\graphics\dvipsnam.def"
File: dvipsnam.def 1999/02/16 v3.0i Driver-dependant file (DPC,SPQR)
))
("C:\Program Files\MiKTeX 2.8\tex\latex\graphics\graphicx.sty"
Package: graphicx 1999/02/16 v1.0f Enhanced LaTeX Graphics (DPC,SPQR)

("C:\Program Files\MiKTeX 2.8\tex\latex\graphics\keyval.sty"
Package: keyval 1999/03/16 v1.13 key=value parser (DPC)
\KV@toks@=\toks14
)
("C:\Program Files\MiKTeX 2.8\tex\latex\graphics\graphics.sty"
Package: graphics 2009/02/05 v1.0o Standard LaTeX Graphics (DPC,SPQR)

("C:\Program Files\MiKTeX 2.8\tex\latex\graphics\trig.sty"
Package: trig 1999/03/16 v1.09 sin cos tan (DPC)
)
("C:\Program Files\MiKTeX 2.8\tex\latex\00miktex\graphics.cfg"
File: graphics.cfg 2007/01/18 v1.5 graphics configuration of teTeX/TeXLive
)
Package graphics Info: Driver file: pdftex.def on input line 91.
)
\Gin@req@height=\dimen103
\Gin@req@width=\dimen104
)
("C:\Users\ajdecon\Documents\My Dropbox\Masters Thesis\thesis.aux"
("C:\Users\ajdecon\Documents\My Dropbox\Masters Thesis\acknowledgements.aux")
("C:\Users\ajdecon\Documents\My Dropbox\Masters Thesis\introduction.aux")
("C:\Users\ajdecon\Documents\My Dropbox\Masters Thesis\literature-review.aux")
("C:\Users\ajdecon\Documents\My Dropbox\Masters Thesis\computerized-tracking.au
x") ("C:\Users\ajdecon\Documents\My Dropbox\Masters Thesis\rods.aux")
("C:\Users\ajdecon\Documents\My Dropbox\Masters Thesis\complex-shapes.aux")
("C:\Users\ajdecon\Documents\My Dropbox\Masters Thesis\conclusions.aux")
("C:\Users\ajdecon\Documents\My Dropbox\Masters Thesis\microfluidic-chambers.au
x") ("C:\Users\ajdecon\Documents\My Dropbox\Masters Thesis\grayscale.aux"))
LaTeX Font Info:    Checking defaults for OML/cmm/m/it on input line 31.
LaTeX Font Info:    ... okay on input line 31.
LaTeX Font Info:    Checking defaults for T1/cmr/m/n on input line 31.
LaTeX Font Info:    ... okay on input line 31.
LaTeX Font Info:    Checking defaults for OT1/cmr/m/n on input line 31.
LaTeX Font Info:    ... okay on input line 31.
LaTeX Font Info:    Checking defaults for OMS/cmsy/m/n on input line 31.
LaTeX Font Info:    ... okay on input line 31.
LaTeX Font Info:    Checking defaults for OMX/cmex/m/n on input line 31.
LaTeX Font Info:    ... okay on input line 31.
LaTeX Font Info:    Checking defaults for U/cmr/m/n on input line 31.
LaTeX Font Info:    ... okay on input line 31.
\chapternumberheight=\dimen105

("C:\Program Files\MiKTeX 2.8\tex\context\base\supp-pdf.tex"
[Loading MPS to PDF converter (version 2006.09.02).]
\scratchcounter=\count91
\scratchdimen=\dimen106
\scratchbox=\box26
\nofMPsegments=\count92
\nofMParguments=\count93
\everyMPshowfont=\toks15
\MPscratchCnt=\count94
\MPscratchDim=\dimen107
\MPnumerator=\count95
\everyMPtoPDFconversion=\toks16
)
\thesis@dim=\dimen108
\ct@dim=\dimen109
\cn@dim=\dimen110

Underfull \vbox (badness 10000) detected at line 41
 []


Underfull \vbox (badness 10000) detected at line 41
 []

LaTeX Font Info:    External font `cmex10' loaded for size
(Font)              <12> on input line 41.
LaTeX Font Info:    External font `cmex10' loaded for size
(Font)              <8> on input line 41.
LaTeX Font Info:    External font `cmex10' loaded for size
(Font)              <6> on input line 41.
[1

{C:/ProgramData/MiKTeX/2.8/pdftex/config/pdftex.map}] [3


] [4]
("C:\Users\ajdecon\Documents\My Dropbox\Masters Thesis\acknowledgements.tex")
[5


] ("C:\Users\ajdecon\Documents\My Dropbox\Masters Thesis\thesis.toc"
LaTeX Font Info:    External font `cmex10' loaded for size
(Font)              <7> on input line 1.
LaTeX Font Info:    External font `cmex10' loaded for size
(Font)              <5> on input line 1.
 [6


])
\tf@toc=\write3

[7] ("C:\Users\ajdecon\Documents\My Dropbox\Masters Thesis\thesis.lof"

LaTeX Warning: Reference `glotzer-solomon-assembly' on page 4 undefined on inpu
t line 4.


LaTeX Warning: Reference `glotzer-solomon-assembly' on page 5 undefined on inpu
t line 5.


LaTeX Warning: Reference `tan-barcode' on page 6 undefined on input line 6.


LaTeX Warning: Reference `granick-janus' on page 6 undefined on input line 7.

[8

])
\tf@lof=\write4
 [9] ("C:\Users\ajdecon\Documents\My Dropbox\Masters Thesis\introduction.tex"
Chapter 1.

LaTeX Warning: Reference `?' on page 1 undefined on input line 13.


LaTeX Warning: Reference `?' on page 1 undefined on input line 13.


LaTeX Warning: Reference `?' on page 1 undefined on input line 14.


LaTeX Warning: Reference `?' on page 1 undefined on input line 16.


LaTeX Warning: Reference `?' on page 1 undefined on input line 23.


LaTeX Warning: Reference `doyle-cfl, doyle-sfl' on page 1 undefined on input li
ne 35.

[1



]) [2]
("C:\Users\ajdecon\Documents\My Dropbox\Masters Thesis\literature-review.tex"
Chapter 2.
<figures/glotzer-anisotropy-dimensions.png, id=40, 271.76532pt x 276.28218pt>
File: figures/glotzer-anisotropy-dimensions.png Graphic file (type png)

<use figures/glotzer-anisotropy-dimensions.png>

LaTeX Warning: Reference `glotzer-solomon-assembly' on page 3 undefined on inpu
t line 22.


LaTeX Warning: Reference `glotzer-solomon-assembly' on page 3 undefined on inpu
t line 22.


LaTeX Warning: `h' float specifier changed to `ht'.


LaTeX Warning: Reference `??' on page 3 undefined on input line 26.


LaTeX Warning: Reference `glotzer-solomon-assembly' on page 3 undefined on inpu
t line 34.


LaTeX Warning: Reference `??' on page 3 undefined on input line 43.


LaTeX Warning: Reference `solomon-confocal' on page 3 undefined on input line 4
3.


LaTeX Warning: Reference `??' on page 3 undefined on input line 44.


LaTeX Warning: Reference `??' on page 3 undefined on input line 44.


LaTeX Warning: Reference `??' on page 3 undefined on input line 45.


LaTeX Warning: Reference `??' on page 3 undefined on input line 45.


LaTeX Warning: Reference `fig:dimensions combined' on page 3 undefined on input
 line 47.

[3



] <figures/glotzer-combine-dimensions.png, id=44, 231.11343pt x 197.23688pt>
File: figures/glotzer-combine-dimensions.png Graphic file (type png)

<use figures/glotzer-combine-dimensions.png>

LaTeX Warning: Reference `glotzer-solomon-assembly' on page 4 undefined on inpu
t line 54.


LaTeX Warning: `h' float specifier changed to `ht'.

<figures/tan-dna-barcode.png, id=45, 269.50688pt x 193.47281pt>
File: figures/tan-dna-barcode.png Graphic file (type png)

<use figures/tan-dna-barcode.png>

LaTeX Warning: Reference `tan-barcode' on page 4 undefined on input line 62.


LaTeX Warning: `h' float specifier changed to `ht'.


LaTeX Warning: Reference `tan-barcode' on page 4 undefined on input line 67.


LaTeX Warning: Reference `granick-janus' on page 4 undefined on input line 81.

[4 <C:/Users/ajdecon/Documents/My Dropbox/Masters Thesis/figures/glotzer-anisot
ropy-dimensions.png (PNG copy)>]
LaTeX Font Info:    Try loading font information for OMS+cmr on input line 104.


("C:\Program Files\MiKTeX 2.8\tex\latex\base\omscmr.fd"
File: omscmr.fd 1999/05/25 v2.5h Standard LaTeX font definitions
)
LaTeX Font Info:    Font shape `OMS/cmr/m/n' in size <10> not available
(Font)              Font shape `OMS/cmsy/m/n' tried instead on input line 104.


LaTeX Warning: `h' float specifier changed to `ht'.


LaTeX Warning: `h' float specifier changed to `ht'.

[5 <C:/Users/ajdecon/Documents/My Dropbox/Masters Thesis/figures/glotzer-combin
e-dimensions.png (PNG copy)>]

LaTeX Warning: `h' float specifier changed to `ht'.


LaTeX Warning: `h' float specifier changed to `ht'.


LaTeX Warning: `h' float specifier changed to `ht'.

[6 <C:/Users/ajdecon/Documents/My Dropbox/Masters Thesis/figures/tan-dna-barcod
e.png (PNG copy)>]) [7] [8]
("C:\Users\ajdecon\Documents\My Dropbox\Masters Thesis\computerized-tracking.te
x"
Chapter 3.

LaTeX Warning: `h' float specifier changed to `ht'.


LaTeX Warning: `h' float specifier changed to `ht'.


LaTeX Warning: `h' float specifier changed to `ht'.


LaTeX Warning: `h' float specifier changed to `ht'.

[9



]

LaTeX Warning: `h' float specifier changed to `ht'.


LaTeX Warning: `h' float specifier changed to `ht'.

) [10] [11] ("C:\Users\ajdecon\Documents\My Dropbox\Masters Thesis\rods.tex"
Chapter 4.
[12



]

LaTeX Warning: `h' float specifier changed to `ht'.

[13] <figures/assembled-janus-tracked.png, id=79, 311.66437pt x 344.78813pt>
File: figures/assembled-janus-tracked.png Graphic file (type png)

<use figures/assembled-janus-tracked.png>) [14] [15 <C:/Users/ajdecon/Documents
/My Dropbox/Masters Thesis/figures/assembled-janus-tracked.png (PNG copy)>]
("C:\Users\ajdecon\Documents\My Dropbox\Masters Thesis\complex-shapes.tex"
Chapter 5.
[16



]

LaTeX Warning: `h' float specifier changed to `ht'.


LaTeX Warning: `h' float specifier changed to `ht'.


LaTeX Warning: `h' float specifier changed to `ht'.

) [17] [18]
("C:\Users\ajdecon\Documents\My Dropbox\Masters Thesis\conclusions.tex"
Chapter 6.
) [19



]
("C:\Users\ajdecon\Documents\My Dropbox\Masters Thesis\microfluidic-chambers.te
x"
Appendix A.
[20



]) [21] ("C:\Users\ajdecon\Documents\My Dropbox\Masters Thesis\grayscale.tex"
Appendix B.
[22



]) [23] ("C:\Users\ajdecon\Documents\My Dropbox\Masters Thesis\thesis.aux"
("C:\Users\ajdecon\Documents\My Dropbox\Masters Thesis\acknowledgements.aux")
("C:\Users\ajdecon\Documents\My Dropbox\Masters Thesis\introduction.aux")
("C:\Users\ajdecon\Documents\My Dropbox\Masters Thesis\literature-review.aux")
("C:\Users\ajdecon\Documents\My Dropbox\Masters Thesis\computerized-tracking.au
x") ("C:\Users\ajdecon\Documents\My Dropbox\Masters Thesis\rods.aux")
("C:\Users\ajdecon\Documents\My Dropbox\Masters Thesis\complex-shapes.aux")
("C:\Users\ajdecon\Documents\My Dropbox\Masters Thesis\conclusions.aux")
("C:\Users\ajdecon\Documents\My Dropbox\Masters Thesis\microfluidic-chambers.au
x") ("C:\Users\ajdecon\Documents\My Dropbox\Masters Thesis\grayscale.aux"))

LaTeX Warning: There were undefined references.

 ) 
Here is how much of TeX's memory you used:
 1484 strings out of 495285
 24008 string characters out of 3180388
 77236 words of memory out of 3000000
 4637 multiletter control sequences out of 15000+200000
 9859 words of font info for 34 fonts, out of 3000000 for 9000
 14 hyphenation exceptions out of 8191
 29i,6n,22p,499b,236s stack positions out of 5000i,500n,10000p,200000b,50000s
<C:/Program Files/MiKTeX 2.8/fonts/type1/public/amsfonts/cm/cmbx10.pfb><C:/Pr
ogram Files/MiKTeX 2.8/fonts/type1/public/amsfonts/cm/cmbx12.pfb><C:/Program Fi
les/MiKTeX 2.8/fonts/type1/public/amsfonts/cm/cmr10.pfb><C:/Program Files/MiKTe
X 2.8/fonts/type1/public/amsfonts/cm/cmr12.pfb><C:/Program Files/MiKTeX 2.8/fon
ts/type1/public/amsfonts/cm/cmsl10.pfb><C:/Program Files/MiKTeX 2.8/fonts/type1
/public/amsfonts/cm/cmsl12.pfb><C:/Program Files/MiKTeX 2.8/fonts/type1/public/
amsfonts/cm/cmsy10.pfb><C:/Program Files/MiKTeX 2.8/fonts/type1/public/amsfonts
/cm/cmti10.pfb>
Output written on thesis.pdf (31 pages, 406266 bytes).
PDF statistics:
 138 PDF objects out of 1000 (max. 8388607)
 0 named destinations out of 1000 (max. 500000)
 21 words of extra memory for PDF output out of 10000 (max. 10000000)

