This is pdfTeX, Version 3.1415926-1.40.10 (MiKTeX 2.8) (preloaded format=pdflatex 2009.9.28)  18 AUG 2010 12:26
entering extended mode
**C:/Users/ajdecon/Documents/My*Dropbox/Masters*Thesis/2009-template/thesis-ex.
tex

("C:/Users/ajdecon/Documents/My Dropbox/Masters Thesis/2009-template/thesis-ex.
tex"
LaTeX2e <2005/12/01>
Babel <v3.8l> and hyphenation patterns for english, dumylang, nohyphenation, ge
rman, ngerman, german-x-2009-06-19, ngerman-x-2009-06-19, french, loaded.

("C:\Users\ajdecon\Documents\My Dropbox\Masters Thesis\2009-template\uiucthesis
2009.cls"
Document Class: uiucthesis2009 2009/10/10\ v2.25a\ UIUC Thesis (PJC)
("C:\Program Files (x86)\MiKTeX 2.8\tex\latex\setspace\setspace.sty"
Package: setspace 2000/12/01 6.7 Contributed and Supported LaTeX2e package

Package: `setspace' 6.7 <2000/12/01>
) ("C:\Program Files (x86)\MiKTeX 2.8\tex\latex\base\book.cls"
Document Class: book 2005/09/16 v1.4f Standard LaTeX document class
("C:\Program Files (x86)\MiKTeX 2.8\tex\latex\base\bk10.clo"
File: bk10.clo 2005/09/16 v1.4f Standard LaTeX file (size option)
)
\c@part=\count79
\c@chapter=\count80
\c@section=\count81
\c@subsection=\count82
\c@subsubsection=\count83
\c@paragraph=\count84
\c@subparagraph=\count85
\c@figure=\count86
\c@table=\count87
\abovecaptionskip=\skip41
\belowcaptionskip=\skip42
\bibindent=\dimen102
)
\thesis@chapskip=\skip43
\chaptertitleheight=\skip44
)
("C:\Users\ajdecon\Documents\My Dropbox\Masters Thesis\2009-template\thesis-ex.
aux"
("C:\Users\ajdecon\Documents\My Dropbox\Masters Thesis\2009-template\1-introduc
tion.aux")
("C:\Users\ajdecon\Documents\My Dropbox\Masters Thesis\2009-template\2-related.
aux")
("C:\Users\ajdecon\Documents\My Dropbox\Masters Thesis\2009-template\3-model.au
x")
("C:\Users\ajdecon\Documents\My Dropbox\Masters Thesis\2009-template\4-predicti
ons.aux")
("C:\Users\ajdecon\Documents\My Dropbox\Masters Thesis\2009-template\Appendix.t
ex.aux"))
LaTeX Font Info:    Checking defaults for OML/cmm/m/it on input line 13.
LaTeX Font Info:    ... okay on input line 13.
LaTeX Font Info:    Checking defaults for T1/cmr/m/n on input line 13.
LaTeX Font Info:    ... okay on input line 13.
LaTeX Font Info:    Checking defaults for OT1/cmr/m/n on input line 13.
LaTeX Font Info:    ... okay on input line 13.
LaTeX Font Info:    Checking defaults for OMS/cmsy/m/n on input line 13.
LaTeX Font Info:    ... okay on input line 13.
LaTeX Font Info:    Checking defaults for OMX/cmex/m/n on input line 13.
LaTeX Font Info:    ... okay on input line 13.
LaTeX Font Info:    Checking defaults for U/cmr/m/n on input line 13.
LaTeX Font Info:    ... okay on input line 13.
\chapternumberheight=\dimen103
LaTeX Font Info:    Try loading font information for OMS+cmr on input line 25.
 ("C:\Program Files (x86)\MiKTeX 2.8\tex\latex\base\omscmr.fd"
File: omscmr.fd 1999/05/25 v2.5h Standard LaTeX font definitions
)
LaTeX Font Info:    Font shape `OMS/cmr/m/n' in size <10> not available
(Font)              Font shape `OMS/cmsy/m/n' tried instead on input line 25.

[1

{C:/ProgramData/MiKTeX/2.8/pdftex/config/pdftex.map}]
\thesis@dim=\dimen104
\ct@dim=\dimen105
\cn@dim=\dimen106

Underfull \vbox (badness 10000) detected at line 25
 []


Underfull \vbox (badness 10000) detected at line 25
 []

LaTeX Font Info:    External font `cmex10' loaded for size
(Font)              <12> on input line 25.
LaTeX Font Info:    External font `cmex10' loaded for size
(Font)              <8> on input line 25.
LaTeX Font Info:    External font `cmex10' loaded for size
(Font)              <6> on input line 25.
[2] [2


] [3] [4

]
("C:\Users\ajdecon\Documents\My Dropbox\Masters Thesis\2009-template\thesis-ex.
toc"
LaTeX Font Info:    External font `cmex10' loaded for size
(Font)              <7> on input line 1.
LaTeX Font Info:    External font `cmex10' loaded for size
(Font)              <5> on input line 1.
)
\tf@toc=\write3
 [5

]
("C:\Users\ajdecon\Documents\My Dropbox\Masters Thesis\2009-template\thesis-ex.
lot")
\tf@lot=\write4
 [6

]
("C:\Users\ajdecon\Documents\My Dropbox\Masters Thesis\2009-template\thesis-ex.
lof")
\tf@lof=\write5
 [7

] [8

] [9

]
Chapter 1.
[1


] [2]
No file 1-introduction.tex.
No file 2-related.tex.
No file 3-model.tex.
No file 4-predictions.tex.
Chapter 2.
[3









]
No file Appendix.tex.tex.
No file thesis-ex.bbl.
[4




]
("C:\Users\ajdecon\Documents\My Dropbox\Masters Thesis\2009-template\thesis-ex.
aux"
("C:\Users\ajdecon\Documents\My Dropbox\Masters Thesis\2009-template\1-introduc
tion.aux")
("C:\Users\ajdecon\Documents\My Dropbox\Masters Thesis\2009-template\2-related.
aux")
("C:\Users\ajdecon\Documents\My Dropbox\Masters Thesis\2009-template\3-model.au
x")
("C:\Users\ajdecon\Documents\My Dropbox\Masters Thesis\2009-template\4-predicti
ons.aux")
("C:\Users\ajdecon\Documents\My Dropbox\Masters Thesis\2009-template\Appendix.t
ex.aux")) ) 
Here is how much of TeX's memory you used:
 470 strings out of 495285
 8055 string characters out of 3179872
 53481 words of memory out of 3000000
 3697 multiletter control sequences out of 15000+200000
 8847 words of font info for 31 fonts, out of 3000000 for 9000
 14 hyphenation exceptions out of 8191
 29i,6n,21p,237b,212s stack positions out of 5000i,500n,10000p,200000b,50000s
<C:/Program Files (x86)/MiKTeX 2.8/fonts/type1/public/amsfonts/cm/cm
bx10.pfb><C:/Program Files (x86)/MiKTeX 2.8/fonts/type1/public/amsfonts/cm/cmbx
12.pfb><C:/Program Files (x86)/MiKTeX 2.8/fonts/type1/public/amsfonts/cm/cmmi10
.pfb><C:/Program Files (x86)/MiKTeX 2.8/fonts/type1/public/amsfonts/cm/cmr10.pf
b><C:/Program Files (x86)/MiKTeX 2.8/fonts/type1/public/amsfonts/cm/cmr12.pfb><
C:/Program Files (x86)/MiKTeX 2.8/fonts/type1/public/amsfonts/cm/cmsy10.pfb><C:
/Program Files (x86)/MiKTeX 2.8/fonts/type1/public/amsfonts/cm/cmti10.pfb>
Output written on thesis-ex.pdf (14 pages, 109958 bytes).
PDF statistics:
 76 PDF objects out of 1000 (max. 8388607)
 0 named destinations out of 1000 (max. 500000)
 1 words of extra memory for PDF output out of 10000 (max. 10000000)

