This is pdfeTeXk, Version 3.141592-1.21a-2.2 (Web2C 7.5.4) (format=latex 2009.4.24)  18 AUG 2010 12:22
entering extended mode
 file:line:error style messages enabled.
 %&-line parsing enabled.
**uiucthesis2009.dtx
(./uiucthesis2009.dtx
LaTeX2e <2003/12/01>
Babel <v3.8d> and hyphenation patterns for american, french, german, ngerman, b
ahasa, basque, bulgarian, catalan, croatian, czech, danish, dutch, esperanto, e
stonian, finnish, greek, icelandic, irish, italian, latin, magyar, norsk, polis
h, portuges, romanian, russian, serbian, slovak, slovene, spanish, swedish, tur
kish, ukrainian, nohyphenation, loaded.
(/usr/share/texmf/tex/latex/base/ltxdoc.cls
Document Class: ltxdoc 1999/08/08 v2.0u Standard LaTeX documentation class
*************************************
* Local config file ltxdoc.cfg used
*************************************
(/usr/share/texmf/tex/latex/base/ltxdoc.cfg
File: ltxdoc.cfg 2001/06/05 v1.0 teTeX: LaTeX documentation setup
)
(/usr/share/texmf/tex/latex/base/article.cls
Document Class: article 2004/02/16 v1.4f Standard LaTeX document class
(/usr/share/texmf/tex/latex/base/size10.clo
File: size10.clo 2004/02/16 v1.4f Standard LaTeX file (size option)
)
\c@part=\count79
\c@section=\count80
\c@subsection=\count81
\c@subsubsection=\count82
\c@paragraph=\count83
\c@subparagraph=\count84
\c@figure=\count85
\c@table=\count86
\abovecaptionskip=\skip41
\belowcaptionskip=\skip42
\bibindent=\dimen102
)
(/usr/share/texmf/tex/latex/base/doc.sty
Package: doc 2004/02/09 v2.1b Standard LaTeX documentation package (FMi)
\c@StandardModuleDepth=\count87
\guard@level=\count88
\MacrocodeTopsep=\skip43
\MacroIndent=\dimen103
\macro@cnt=\count89
\MacroTopsep=\skip44
\index@excludelist=\toks14

(/usr/share/texmf/tex/latex/tools/multicol.sty
Package: multicol 2004/02/14 v1.6e multicolumn formatting (FMi)
\c@tracingmulticols=\count90
\mult@box=\box26
\multicol@leftmargin=\dimen104
\c@unbalance=\count91
\c@collectmore=\count92
\doublecol@number=\count93
\multicoltolerance=\count94
\multicolpretolerance=\count95
\full@width=\dimen105
\page@free=\dimen106
\premulticols=\dimen107
\postmulticols=\dimen108
\multicolsep=\skip45
\multicolbaselineskip=\skip46
\partial@page=\box27
\last@line=\box28
\mult@rightbox=\box29
\mult@grightbox=\box30
\mult@gfirstbox=\box31
\mult@firstbox=\box32
\@tempa=\box33
\@tempa=\box34
\@tempa=\box35
\@tempa=\box36
\@tempa=\box37
\@tempa=\box38
\@tempa=\box39
\@tempa=\box40
\@tempa=\box41
\@tempa=\box42
\@tempa=\box43
\@tempa=\box44
\@tempa=\box45
\@tempa=\box46
\@tempa=\box47
\@tempa=\box48
\@tempa=\box49
\c@columnbadness=\count96
\c@finalcolumnbadness=\count97
\last@try=\dimen109
\multicolovershoot=\dimen110
\multicolundershoot=\dimen111
\mult@nat@firstbox=\box50
\colbreak@box=\box51
)
\IndexMin=\dimen112
\c@IndexColumns=\count98
\GlossaryMin=\dimen113
\c@GlossaryColumns=\count99
\check@sum=\count100
\bslash@cnt=\count101
\wrong@table=\toks15
\c@CodelineNo=\count102
)) (./uiucthesis2009.aux)
\openout1 = `uiucthesis2009.aux'.

LaTeX Font Info:    Checking defaults for OML/cmm/m/it on input line 12.
LaTeX Font Info:    ... okay on input line 12.
LaTeX Font Info:    Checking defaults for T1/cmr/m/n on input line 12.
LaTeX Font Info:    ... okay on input line 12.
LaTeX Font Info:    Checking defaults for OT1/cmr/m/n on input line 12.
LaTeX Font Info:    ... okay on input line 12.
LaTeX Font Info:    Checking defaults for OMS/cmsy/m/n on input line 12.
LaTeX Font Info:    ... okay on input line 12.
LaTeX Font Info:    Checking defaults for OMX/cmex/m/n on input line 12.
LaTeX Font Info:    ... okay on input line 12.
LaTeX Font Info:    Checking defaults for U/cmr/m/n on input line 12.
LaTeX Font Info:    ... okay on input line 12.
Package doc Info: Made | a short reference for \verb on input line 12.
LaTeX Font Info:    External font `cmex10' loaded for size
(Font)              <17.28> on input line 18.
LaTeX Font Info:    External font `cmex10' loaded for size
(Font)              <12> on input line 18.
LaTeX Font Info:    External font `cmex10' loaded for size
(Font)              <8> on input line 18.
LaTeX Font Info:    External font `cmex10' loaded for size
(Font)              <6> on input line 18.
LaTeX Font Info:    External font `cmex10' loaded for size
(Font)              <5> on input line 18.

(./uiucthesis2009.dtx
Package doc Info: | already a short reference for \verb(*) on input line 26.
LaTeX Font Info:    External font `cmex10' loaded for size
(Font)              <9> on input line 35.
LaTeX Font Info:    External font `cmex10' loaded for size
(Font)              <7> on input line 49.


LaTeX Warning: Marginpar on page 1 moved.


LaTeX Warning: Marginpar on page 1 moved.

[1

]
Underfull \hbox (badness 4995) in paragraph at lines 146--166
\OT1/cmr/m/n/10 The de-fault the-sis type is []\OT1/cmtt/m/n/10 \phdthesis\OT1/
cmr/m/n/10 . Set your de-part-ment with
 []


LaTeX Warning: Marginpar on page 2 moved.


LaTeX Warning: Marginpar on page 2 moved.


LaTeX Warning: Marginpar on page 2 moved.


LaTeX Warning: Marginpar on page 2 moved.


LaTeX Warning: Marginpar on page 2 moved.

[2]

LaTeX Warning: Marginpar on page 3 moved.


Overfull \hbox (336.21729pt too wide) in paragraph at lines 217--217
 []\OT1/cmtt/m/n/9 \committee{Professor Prof Uno, Chair\\Professor Prof Dos, Di
rector of Research\\Assistant Professor Prof Tres\\Adjunct Professor Prof Quatr
o}[] 
 []

[3]
Overfull \hbox (5.193pt too wide) in paragraph at lines 234--241
\OT1/cmr/m/n/10 pro-duces an-other chap-ter with []\OT1/cmtt/m/n/10 \chapter*{\
abstractname}\OT1/cmr/m/n/10 , where []\OT1/cmtt/m/n/10 \abstractname
 []


LaTeX Warning: Marginpar on page 4 moved.

[4] [5]
Overfull \hbox (0.74619pt too wide) in paragraph at lines 448--448
 []\OT1/cmtt/m/n/9 nature clearer to you, my happy readers, who are privileged 
to live in[] 
 []


Overfull \hbox (5.47113pt too wide) in paragraph at lines 448--448
 []\OT1/cmtt/m/n/9 shadows--only hard with luminous edges--and you will then ha
ve a pretty[] 
 []


Overfull \hbox (0.74619pt too wide) in paragraph at lines 448--448
 []\OT1/cmtt/m/n/9 correct notion of my country and countrymen.  Alas, a few ye
ars ago, I[] 
 []


Overfull \hbox (5.47113pt too wide) in paragraph at lines 448--448
 []\OT1/cmtt/m/n/9 In such a country, you will perceive at once that it is impo
ssible that[] 
 []


Overfull \hbox (5.47113pt too wide) in paragraph at lines 448--448
 []\OT1/cmtt/m/n/9 Triangles, Squares, and other figures, moving about as I hav
e described[] 
 []


Overfull \hbox (0.74619pt too wide) in paragraph at lines 448--448
 []\OT1/cmtt/m/n/9 them.  On the contrary, we could see nothing of the kind, no
t at least[] 
 []


Overfull \hbox (5.47113pt too wide) in paragraph at lines 448--448
 []\OT1/cmtt/m/n/9 so as to distinguish one figure from another.  Nothing was v
isible, nor[] 
 []


Overfull \hbox (5.47113pt too wide) in paragraph at lines 448--448
 []\OT1/cmtt/m/n/9 Place a penny on the middle of one of your tables in Space; 
and leaning[] 
 []


Overfull \hbox (5.47113pt too wide) in paragraph at lines 448--448
 []\OT1/cmtt/m/n/9 inhabitants of Flatland), and you will find the penny becomi
ng more and[] 
 []


Overfull \hbox (5.47113pt too wide) in paragraph at lines 448--448
 []\OT1/cmtt/m/n/9 exactly on the edge of the table (so that you are, as it wer
e, actually[] 
 []


Overfull \hbox (5.47113pt too wide) in paragraph at lines 448--448
 []\OT1/cmtt/m/n/9 Triangle, or a Square, or any other figure cut out from past
eboard.  As[] 
 []


Overfull \hbox (5.47113pt too wide) in paragraph at lines 448--448
 []\OT1/cmtt/m/n/9 soon as you look at it with your eye on the edge of the tabl
e, you will[] 
 []


Overfull \hbox (0.74619pt too wide) in paragraph at lines 448--448
 []\OT1/cmtt/m/n/9 Triangle--who represents with us a Tradesman of the respecta
ble class.[] 
 []


Overfull \hbox (5.47113pt too wide) in paragraph at lines 448--448
 []\OT1/cmtt/m/n/9 as you would see him if your eye were close to the level, or
 all but on[] 
 []


Overfull \hbox (0.74619pt too wide) in paragraph at lines 448--448
 []\OT1/cmtt/m/n/9 the level of the table; and if your eye were quite on the le
vel of the[] 
 []

[6]
Overfull \hbox (0.74619pt too wide) in paragraph at lines 448--448
 []\OT1/cmtt/m/n/9 island or coast lying on the horizon.  The far-off land may 
have bays,[] 
 []


Overfull \hbox (0.74619pt too wide) in paragraph at lines 448--448
 []\OT1/cmtt/m/n/9 with us, nor any light of such a kind as to make shadows, we
 have none[] 
 []


Overfull \hbox (0.74619pt too wide) in paragraph at lines 448--448
 []\OT1/cmtt/m/n/9 Triangle, Square, Pentagon, Hexagon, Circle, what you will--
a straight[] 
 []


Overfull \hbox (5.47113pt too wide) in paragraph at lines 448--448
 []\OT1/cmtt/m/n/9 You may perhaps ask how under these disadvantagous circumsta
nces we are[] 
 []


Overfull \hbox (0.74619pt too wide) in paragraph at lines 448--448
 []\OT1/cmtt/m/n/9 defer this subject, and say a word or two about the climate 
and houses[] 
 []

[7]

LaTeX Warning: Marginpar on page 8 moved.


LaTeX Warning: Marginpar on page 8 moved.


LaTeX Warning: Marginpar on page 8 moved.


LaTeX Warning: Marginpar on page 8 moved.

[8] [9] [10]
Overfull \hbox (28.93738pt too wide) in paragraph at lines 752--752
 [][]  \OT1/cmtt/m/n/9 \ifnum\timehh<10 0\fi\number\timehh\,:\,\ifnum\timemm<10
 0\fi\number\timemm}% 
 []


Overfull \hbox (14.76254pt too wide) in paragraph at lines 762--762
 [][]    \OT1/cmtt/m/n/9 \addtocontents{lof}{\vspace*{-\baselineskip}~Figure\hf
ill Page\endgraf}% 
 []


Overfull \hbox (10.0376pt too wide) in paragraph at lines 762--762
 [][]    \OT1/cmtt/m/n/9 \addtocontents{lot}{\vspace*{-\baselineskip}~Table\hfi
ll Page\endgraf}} 
 []

[11]
Overfull \hbox (115.41147pt too wide) in paragraph at lines 824--824
 [][]$\OMS/cmsy/m/n/9 h[]i$    \OT1/cmtt/m/n/9 \ClassError{uiucthesis2009}{A co
mmittee must be specified for e-deposit dissertations.}% 
 []


Overfull \hbox (137.7835pt too wide) in paragraph at lines 824--824
 [][]$\OMS/cmsy/m/n/9 h[]i$    \OT1/cmtt/m/n/9 \PackageError{uiucthesis2009}{A 
committee must be specified for e-deposit dissertations.}% 
 []


Overfull \hbox (10.0376pt too wide) in paragraph at lines 824--824
 [][]    \OT1/cmtt/m/n/9 {Use \protect\committee\space with members separated b
y \protect\\'s.}} 
 []


Overfull \hbox (28.93738pt too wide) in paragraph at lines 841--841
 [][]\OT1/cmtt/m/n/9 \def\copyrightnotice{\copyright~\@degreeyear~by \@author. 
All rights reserved.} 
 []


Overfull \hbox (7.74974pt too wide) in paragraph at lines 844--846
[]\OT1/cmr/m/n/10 The print-ing of the copy-right page can also be turned off w
ith the []\OT1/cmtt/m/n/10 \nocopyrightpage
 []

[12] [13] [14] [15]
Overfull \hbox (96.51169pt too wide) in paragraph at lines 1127--1127
 [][]$\OMS/cmsy/m/n/9 h[]i$    \OT1/cmtt/m/n/9 \ClassError{uiucthesis2009}{An a
dvisor must be specified for the ProQuest abstract}% 
 []


Overfull \hbox (118.88371pt too wide) in paragraph at lines 1127--1127
 [][]$\OMS/cmsy/m/n/9 h[]i$    \OT1/cmtt/m/n/9 \PackageError{uiucthesis2009}{An
 advisor must be specified for the ProQuest abstract}% 
 []

[16] [17] [18]
Overfull \hbox (11.1662pt too wide) in paragraph at lines 1303--1306
[]\OT1/cmr/m/n/10 The amount of space al-lot-ted for the chap-ter ti-tles is st
ored in []\OT1/cmtt/m/n/10 \chaptertitleheight\OT1/cmr/m/n/10 .
 []

[19] [20] [21]
Overfull \hbox (47.83716pt too wide) in paragraph at lines 1556--1556
 [][]    \OT1/cmtt/m/n/9 \newcommand{\note}[1]{\marginpar{\def\baselinestretch{
1}\small\raggedright #1}} 
 []


Overfull \hbox (157.93597pt too wide) in paragraph at lines 1556--1556
 [][]$\OMS/cmsy/m/n/9 h[]i$        \OT1/cmtt/m/n/9 \ClassWarning{uiucthesis2009
}{Margin paragraphs fall outside the allowed margins\MessageBreak 
 []


Overfull \hbox (180.308pt too wide) in paragraph at lines 1556--1556
 [][]$\OMS/cmsy/m/n/9 h[]i$        \OT1/cmtt/m/n/9 \PackageWarning{uiucthesis20
09}{Margin paragraphs fall outside the allowed margins\MessageBreak 
 []

[22]
Overfull \hbox (57.28705pt too wide) in paragraph at lines 1556--1556
 [][]            \OT1/cmtt/m/n/9 for UIUC Theses, use \protect\note\space inste
ad of \protect\marginpar.}% 
 []

[23] [24] [25]
Underfull \hbox (badness 10000) in paragraph at lines 1753--1753
[]\OT1/cmr/m/it/10 Grad Col-lege web-page with the-sis re-quire-ments\OT1/cmr/m
/n/10 .
 []


Overfull \hbox (1.80261pt too wide) in paragraph at lines 1753--1753
[]\OT1/cmtt/m/n/10 http://www.grad.illinois.edu/graduate-college-thesis-require
ments 
 []

*******************
* Checksum passed *
*******************
) [26] (./uiucthesis2009.aux) ) 
Here is how much of TeX's memory you used:
 628 strings out of 94501
 7582 string characters out of 1176789
 61248 words of memory out of 1000000
 3843 multiletter control sequences out of 10000+50000
 12908 words of font info for 45 fonts, out of 500000 for 2000
 580 hyphenation exceptions out of 1000
 30i,6n,21p,233b,750s stack positions out of 1500i,500n,5000p,200000b,5000s

Output written on uiucthesis2009.dvi (26 pages, 79624 bytes).
